{
  "stats": {
    "suites": 12,
    "tests": 41,
    "passes": 21,
    "pending": 0,
    "failures": 20,
    "start": "2022-02-16T22:00:47.989Z",
    "end": "2022-02-16T22:02:30.859Z",
    "duration": 102870,
    "testsRegistered": 41,
    "passPercent": 51.21951219512195,
    "pendingPercent": 0,
    "other": 0,
    "hasOther": false,
    "skipped": 0,
    "hasSkipped": false
  },
  "results": [
    {
      "uuid": "abf595a9-f656-4537-9fbf-dfc94ccaf688",
      "title": "",
      "fullFile": "cypress/integration/project.spec.js",
      "file": "cypress/integration/project.spec.js",
      "beforeHooks": [],
      "afterHooks": [],
      "tests": [],
      "suites": [
        {
          "uuid": "95289c41-850a-466c-a88d-a00726594960",
          "title": "1 - Adicione à página o título \"Paleta de Cores\".",
          "fullFile": "",
          "file": "",
          "beforeHooks": [],
          "afterHooks": [],
          "tests": [
            {
              "title": "Verifica se contém um elemento `h1` com o id `title` com o título correto",
              "fullTitle": "1 - Adicione à página o título \"Paleta de Cores\". Verifica se contém um elemento `h1` com o id `title` com o título correto",
              "timedOut": null,
              "duration": 277,
              "state": "passed",
              "speed": "slow",
              "pass": true,
              "fail": false,
              "pending": false,
              "context": null,
              "code": "cy.get('h1#title').should('contain.text', 'Paleta de Cores');",
              "err": {},
              "uuid": "01982b74-79c0-4383-954f-ff9887f97c66",
              "parentUUID": "95289c41-850a-466c-a88d-a00726594960",
              "isHook": false,
              "skipped": false
            }
          ],
          "suites": [],
          "passes": [
            "01982b74-79c0-4383-954f-ff9887f97c66"
          ],
          "failures": [],
          "pending": [],
          "skipped": [],
          "duration": 277,
          "root": false,
          "rootEmpty": false,
          "_timeout": 2000
        },
        {
          "uuid": "c356a168-64d7-453d-ad54-60c01f353d8e",
          "title": "2 - Adicione à página uma paleta de quatro cores distintas.",
          "fullFile": "",
          "file": "",
          "beforeHooks": [],
          "afterHooks": [],
          "tests": [
            {
              "title": "A paleta de cores deve ser um elemento com `id` denominado `color-palette` e ter mais de 0px de altura e de largura.",
              "fullTitle": "2 - Adicione à página uma paleta de quatro cores distintas. A paleta de cores deve ser um elemento com `id` denominado `color-palette` e ter mais de 0px de altura e de largura.",
              "timedOut": null,
              "duration": 225,
              "state": "passed",
              "speed": "slow",
              "pass": true,
              "fail": false,
              "pending": false,
              "context": null,
              "code": "cy.get('#color-palette').should('be.visible');\ncy.get('#color-palette').children('.color');",
              "err": {},
              "uuid": "72752f95-4b78-4dff-95ab-3f2cce47cbe6",
              "parentUUID": "c356a168-64d7-453d-ad54-60c01f353d8e",
              "isHook": false,
              "skipped": false
            },
            {
              "title": "Verifica se cada cor individual da paleta de cores possui a `classe` chamada `color`.",
              "fullTitle": "2 - Adicione à página uma paleta de quatro cores distintas. Verifica se cada cor individual da paleta de cores possui a `classe` chamada `color`.",
              "timedOut": null,
              "duration": 241,
              "state": "passed",
              "speed": "slow",
              "pass": true,
              "fail": false,
              "pending": false,
              "context": null,
              "code": "cy.get('.color').should('have.length', 4).then(function (colors) {\n  for (var i = 0; i < colors.length; i++) {\n    cy.wrap(colors[i]).should('be.visible');\n  }\n});",
              "err": {},
              "uuid": "67ade201-0f36-46a5-9a4e-432c8c50d563",
              "parentUUID": "c356a168-64d7-453d-ad54-60c01f353d8e",
              "isHook": false,
              "skipped": false
            },
            {
              "title": "Verifica se a cor de fundo de cada elemento da paleta é a cor que o elemento representa. **A única cor não permitida na paleta é a cor branca.**",
              "fullTitle": "2 - Adicione à página uma paleta de quatro cores distintas. Verifica se a cor de fundo de cada elemento da paleta é a cor que o elemento representa. **A única cor não permitida na paleta é a cor branca.**",
              "timedOut": null,
              "duration": 492,
              "state": "passed",
              "speed": "slow",
              "pass": true,
              "fail": false,
              "pending": false,
              "context": null,
              "code": "cy.get('.color').each(function (color) {\n  cy.wrap(color).should('have.class', 'color').and('not.have.css', 'background-color', WHITE);\n  cy.wrap(color).should('have.css', 'background-color');\n});",
              "err": {},
              "uuid": "4e1d81d2-a06b-48d8-9abc-bb3e2a4ad49e",
              "parentUUID": "c356a168-64d7-453d-ad54-60c01f353d8e",
              "isHook": false,
              "skipped": false
            },
            {
              "title": "Verifica se cada elemento da paleta de cores tem uma borda preta, sólida e com 1 pixel de largura;",
              "fullTitle": "2 - Adicione à página uma paleta de quatro cores distintas. Verifica se cada elemento da paleta de cores tem uma borda preta, sólida e com 1 pixel de largura;",
              "timedOut": null,
              "duration": 396,
              "state": "passed",
              "speed": "slow",
              "pass": true,
              "fail": false,
              "pending": false,
              "context": null,
              "code": "cy.get('.color').each(function (color) {\n  cy.wrap(color).and('have.css', 'border', \"1px solid \".concat(BLACK)).and('have.class', 'color');\n});",
              "err": {},
              "uuid": "59e7d54a-eb41-4745-b479-098050cab82e",
              "parentUUID": "c356a168-64d7-453d-ad54-60c01f353d8e",
              "isHook": false,
              "skipped": false
            },
            {
              "title": "Verifica se a paleta lista todas as cores disponíveis para utilização, lado a lado.",
              "fullTitle": "2 - Adicione à página uma paleta de quatro cores distintas. Verifica se a paleta lista todas as cores disponíveis para utilização, lado a lado.",
              "timedOut": null,
              "duration": 154,
              "state": "passed",
              "speed": "slow",
              "pass": true,
              "fail": false,
              "pending": false,
              "context": null,
              "code": "cy.get('.color').then(function (colors) {\n  for (var index = 1; index < colors.length; index += 1) {\n    var currentColor = colors[index];\n    var previousColor = colors[index - 1];\n    cy.wrap(currentColor).should('be.onTheRightOf', previousColor).and('be.horizontallyAlignedWith', previousColor);\n  }\n});",
              "err": {},
              "uuid": "dd3dce8d-2da6-4e45-af54-7bb269c8c478",
              "parentUUID": "c356a168-64d7-453d-ad54-60c01f353d8e",
              "isHook": false,
              "skipped": false
            },
            {
              "title": "Verifica se a paleta de cores está posicionada abaixo do título 'Paleta de Cores'",
              "fullTitle": "2 - Adicione à página uma paleta de quatro cores distintas. Verifica se a paleta de cores está posicionada abaixo do título 'Paleta de Cores'",
              "timedOut": null,
              "duration": 162,
              "state": "passed",
              "speed": "slow",
              "pass": true,
              "fail": false,
              "pending": false,
              "context": null,
              "code": "cy.get('h1#title').then(function (title) {\n  cy.get('#color-palette').should('be.belowOf', title);\n});",
              "err": {},
              "uuid": "d829a4ca-3251-4138-92ad-3e89f80dd8d3",
              "parentUUID": "c356a168-64d7-453d-ad54-60c01f353d8e",
              "isHook": false,
              "skipped": false
            },
            {
              "title": "Verifica se a paleta de cores não contém cores repetidas.",
              "fullTitle": "2 - Adicione à página uma paleta de quatro cores distintas. Verifica se a paleta de cores não contém cores repetidas.",
              "timedOut": null,
              "duration": 113,
              "state": "passed",
              "speed": "slow",
              "pass": true,
              "fail": false,
              "pending": false,
              "context": null,
              "code": "cy.get('.color').then(function (colors) {\n  var allColors = Array.from(colors).map(function (color) {\n    return Cypress.$(color).css('background-color');\n  });\n  cy.log(allColors);\n  var uniqColors = (0, _toConsumableArray2[\"default\"])(new Set(allColors));\n  cy.log(uniqColors);\n  expect(allColors.length).to.eq(uniqColors.length);\n});",
              "err": {},
              "uuid": "9b1e5ce6-d265-46a5-8041-c9c939a40cc1",
              "parentUUID": "c356a168-64d7-453d-ad54-60c01f353d8e",
              "isHook": false,
              "skipped": false
            }
          ],
          "suites": [],
          "passes": [
            "72752f95-4b78-4dff-95ab-3f2cce47cbe6",
            "67ade201-0f36-46a5-9a4e-432c8c50d563",
            "4e1d81d2-a06b-48d8-9abc-bb3e2a4ad49e",
            "59e7d54a-eb41-4745-b479-098050cab82e",
            "dd3dce8d-2da6-4e45-af54-7bb269c8c478",
            "d829a4ca-3251-4138-92ad-3e89f80dd8d3",
            "9b1e5ce6-d265-46a5-8041-c9c939a40cc1"
          ],
          "failures": [],
          "pending": [],
          "skipped": [],
          "duration": 1783,
          "root": false,
          "rootEmpty": false,
          "_timeout": 2000
        },
        {
          "uuid": "694c7e93-5272-4baa-9411-9f92781dd39d",
          "title": "3 - Adicione a cor **preta** como a primeira cor da paleta de cores.",
          "fullFile": "",
          "file": "",
          "beforeHooks": [],
          "afterHooks": [],
          "tests": [
            {
              "title": "Verifica se a primeira cor da paleta é preta",
              "fullTitle": "3 - Adicione a cor **preta** como a primeira cor da paleta de cores. Verifica se a primeira cor da paleta é preta",
              "timedOut": null,
              "duration": 216,
              "state": "passed",
              "speed": "slow",
              "pass": true,
              "fail": false,
              "pending": false,
              "context": null,
              "code": "cy.get('.color').first().should('have.css', 'background-color', BLACK);",
              "err": {},
              "uuid": "9cb72427-6866-4693-afd2-5cf61c819ff2",
              "parentUUID": "694c7e93-5272-4baa-9411-9f92781dd39d",
              "isHook": false,
              "skipped": false
            },
            {
              "title": "Verifica se as demais cores podem ser escolhidas livremente.",
              "fullTitle": "3 - Adicione a cor **preta** como a primeira cor da paleta de cores. Verifica se as demais cores podem ser escolhidas livremente.",
              "timedOut": null,
              "duration": 545,
              "state": "passed",
              "speed": "slow",
              "pass": true,
              "fail": false,
              "pending": false,
              "context": null,
              "code": "cy.get('.color').eq(1).should('not.have.css', 'background-color', BLACK);\ncy.get('.color').eq(1).should('not.have.css', 'background-color', WHITE);\ncy.get('.color').eq(1).should('not.have.css', 'background-color', 'rgba(0, 0, 0, 0)');\ncy.get('.color').eq(1).should('have.css', 'background-color');\ncy.get('.color').eq(2).should('not.have.css', 'background-color', BLACK);\ncy.get('.color').eq(2).should('not.have.css', 'background-color', WHITE);\ncy.get('.color').eq(2).should('not.have.css', 'background-color', 'rgba(0, 0, 0, 0)');\ncy.get('.color').eq(2).should('have.css', 'background-color');\ncy.get('.color').eq(3).should('not.have.css', 'background-color', BLACK);\ncy.get('.color').eq(3).should('not.have.css', 'background-color', WHITE);\ncy.get('.color').eq(3).should('not.have.css', 'background-color', 'rgba(0, 0, 0, 0)');\ncy.get('.color').eq(3).should('have.css', 'background-color');",
              "err": {},
              "uuid": "3131480a-5963-4fd2-a73a-640271b29ac0",
              "parentUUID": "694c7e93-5272-4baa-9411-9f92781dd39d",
              "isHook": false,
              "skipped": false
            }
          ],
          "suites": [],
          "passes": [
            "9cb72427-6866-4693-afd2-5cf61c819ff2",
            "3131480a-5963-4fd2-a73a-640271b29ac0"
          ],
          "failures": [],
          "pending": [],
          "skipped": [],
          "duration": 761,
          "root": false,
          "rootEmpty": false,
          "_timeout": 2000
        },
        {
          "uuid": "3484f7cd-132e-490c-b149-4c00503a4f61",
          "title": "4 - Adicione à página um quadro de pixels, com 25 pixels.",
          "fullFile": "",
          "file": "",
          "beforeHooks": [],
          "afterHooks": [],
          "tests": [
            {
              "title": "Verifica se o quadro de pixels possui o `id` denominado `pixel-board`",
              "fullTitle": "4 - Adicione à página um quadro de pixels, com 25 pixels. Verifica se o quadro de pixels possui o `id` denominado `pixel-board`",
              "timedOut": null,
              "duration": 160,
              "state": "passed",
              "speed": "slow",
              "pass": true,
              "fail": false,
              "pending": false,
              "context": null,
              "code": "cy.get('#pixel-board').should('be.visible');",
              "err": {},
              "uuid": "a1a4a6d2-7392-4d90-8479-6044c2255c79",
              "parentUUID": "3484f7cd-132e-490c-b149-4c00503a4f61",
              "isHook": false,
              "skipped": false
            },
            {
              "title": "Verifica se cada pixel individual dentro do quadro possui a `classe` denominada `pixel`.",
              "fullTitle": "4 - Adicione à página um quadro de pixels, com 25 pixels. Verifica se cada pixel individual dentro do quadro possui a `classe` denominada `pixel`.",
              "timedOut": null,
              "duration": 196,
              "state": "passed",
              "speed": "slow",
              "pass": true,
              "fail": false,
              "pending": false,
              "context": null,
              "code": "cy.get('.pixel').should('have.length', 25);",
              "err": {},
              "uuid": "638eab05-4659-4cd5-90e4-3917fcadc04d",
              "parentUUID": "3484f7cd-132e-490c-b149-4c00503a4f61",
              "isHook": false,
              "skipped": false
            },
            {
              "title": "Verifica se a cor inicial dos pixels dentro do quadro, ao abrir a página, é branca.",
              "fullTitle": "4 - Adicione à página um quadro de pixels, com 25 pixels. Verifica se a cor inicial dos pixels dentro do quadro, ao abrir a página, é branca.",
              "timedOut": null,
              "duration": 246,
              "state": "passed",
              "speed": "slow",
              "pass": true,
              "fail": false,
              "pending": false,
              "context": null,
              "code": "cy.get('.pixel').should('have.length', 25).each(function (pixel) {\n  expect(pixel).to.have.css('background-color', WHITE);\n});",
              "err": {},
              "uuid": "e1a35ddb-7091-4b53-8956-326ede088780",
              "parentUUID": "3484f7cd-132e-490c-b149-4c00503a4f61",
              "isHook": false,
              "skipped": false
            },
            {
              "title": "Verifica se o quadro de pixels aparece abaixo da paleta de cores",
              "fullTitle": "4 - Adicione à página um quadro de pixels, com 25 pixels. Verifica se o quadro de pixels aparece abaixo da paleta de cores",
              "timedOut": null,
              "duration": 130,
              "state": "passed",
              "speed": "slow",
              "pass": true,
              "fail": false,
              "pending": false,
              "context": null,
              "code": "cy.get('#color-palette').then(function (palette) {\n  cy.get('#pixel-board').should('be.belowOf', palette);\n});",
              "err": {},
              "uuid": "528a7030-9533-4483-92b3-3cbbbfea51a9",
              "parentUUID": "3484f7cd-132e-490c-b149-4c00503a4f61",
              "isHook": false,
              "skipped": false
            }
          ],
          "suites": [],
          "passes": [
            "a1a4a6d2-7392-4d90-8479-6044c2255c79",
            "638eab05-4659-4cd5-90e4-3917fcadc04d",
            "e1a35ddb-7091-4b53-8956-326ede088780",
            "528a7030-9533-4483-92b3-3cbbbfea51a9"
          ],
          "failures": [],
          "pending": [],
          "skipped": [],
          "duration": 732,
          "root": false,
          "rootEmpty": false,
          "_timeout": 2000
        },
        {
          "uuid": "cb388899-eb9c-4a55-a122-e8d4f0fd43f1",
          "title": "5 - Faça com que cada elemento do quadro de pixels possua 40 pixels de largura, 40 pixels de altura e seja delimitado por uma borda preta de 1 pixel.",
          "fullFile": "",
          "file": "",
          "beforeHooks": [],
          "afterHooks": [],
          "tests": [
            {
              "title": "Verifica se o quadro de pixels tem altura e comprimento de 5 elementos",
              "fullTitle": "5 - Faça com que cada elemento do quadro de pixels possua 40 pixels de largura, 40 pixels de altura e seja delimitado por uma borda preta de 1 pixel. Verifica se o quadro de pixels tem altura e comprimento de 5 elementos",
              "timedOut": null,
              "duration": 602,
              "state": "passed",
              "speed": "slow",
              "pass": true,
              "fail": false,
              "pending": false,
              "context": null,
              "code": "cy.get('.pixel').should('have.length', 25).each(function (pixel) {\n  expect(pixel).to.have.css('background-color', WHITE);\n}).and(function (pixels) {\n  var rows = chunk(pixels, 5);\n  rows.forEach(function (row) {\n    for (var index = 1; index < row.length; index += 1) {\n      var current = pixels[index];\n      var previous = pixels[index - 1];\n      cy.wrap(current).should('be.onTheRightOf', previous).and('be.horizontallyAlignedWith', previous);\n    }\n  });\n  for (var index = 1; index < 5; index += 1) {\n    expect(pixels[index * 5]).to.be.belowOf(pixels[(index - 1) * 5]);\n  }\n});",
              "err": {},
              "uuid": "10de7280-52fa-4405-8ce3-7f956ff7ee31",
              "parentUUID": "cb388899-eb9c-4a55-a122-e8d4f0fd43f1",
              "isHook": false,
              "skipped": false
            },
            {
              "title": "Verifica se 40 pixels é o tamanho total do elemento, incluindo seu conteúdo e excluindo a borda preta, que deve ser criada à parte.",
              "fullTitle": "5 - Faça com que cada elemento do quadro de pixels possua 40 pixels de largura, 40 pixels de altura e seja delimitado por uma borda preta de 1 pixel. Verifica se 40 pixels é o tamanho total do elemento, incluindo seu conteúdo e excluindo a borda preta, que deve ser criada à parte.",
              "timedOut": null,
              "duration": 369,
              "state": "passed",
              "speed": "slow",
              "pass": true,
              "fail": false,
              "pending": false,
              "context": null,
              "code": "cy.get('.pixel').each(function (pixel) {\n  cy.wrap(pixel).should('have.css', 'height', '40px').and('have.css', 'width', '40px').and('have.css', 'border', \"1px solid \".concat(BLACK));\n});",
              "err": {},
              "uuid": "b2219edc-1b0f-4969-8b7b-8a012d302563",
              "parentUUID": "cb388899-eb9c-4a55-a122-e8d4f0fd43f1",
              "isHook": false,
              "skipped": false
            }
          ],
          "suites": [],
          "passes": [
            "10de7280-52fa-4405-8ce3-7f956ff7ee31",
            "b2219edc-1b0f-4969-8b7b-8a012d302563"
          ],
          "failures": [],
          "pending": [],
          "skipped": [],
          "duration": 971,
          "root": false,
          "rootEmpty": false,
          "_timeout": 2000
        },
        {
          "uuid": "20d3cff8-a468-449d-b0b2-948565ba2dd8",
          "title": "6 - Defina a cor preta como cor inicial. Ao carregar a página a cor preta já deve estar selecionada para pintar os pixels",
          "fullFile": "",
          "file": "",
          "beforeHooks": [],
          "afterHooks": [],
          "tests": [
            {
              "title": "Verifica se o elemento da cor preta possui, inicialmente, a `classe` `selected`",
              "fullTitle": "6 - Defina a cor preta como cor inicial. Ao carregar a página a cor preta já deve estar selecionada para pintar os pixels Verifica se o elemento da cor preta possui, inicialmente, a `classe` `selected`",
              "timedOut": null,
              "duration": 150,
              "state": "passed",
              "speed": "slow",
              "pass": true,
              "fail": false,
              "pending": false,
              "context": null,
              "code": "cy.get('.selected').first().should('have.css', 'background-color', BLACK);",
              "err": {},
              "uuid": "ffa8cb80-5daa-4e06-8af5-0724d83bc6b3",
              "parentUUID": "20d3cff8-a468-449d-b0b2-948565ba2dd8",
              "isHook": false,
              "skipped": false
            },
            {
              "title": "Verifica se nenhuma outra cor da paleta tem a `classe` `selected`",
              "fullTitle": "6 - Defina a cor preta como cor inicial. Ao carregar a página a cor preta já deve estar selecionada para pintar os pixels Verifica se nenhuma outra cor da paleta tem a `classe` `selected`",
              "timedOut": null,
              "duration": 158,
              "state": "passed",
              "speed": "slow",
              "pass": true,
              "fail": false,
              "pending": false,
              "context": null,
              "code": "cy.get('.color:not(:first-child)').each(function (color) {\n  cy.wrap(color).should('not.have.class', 'selected');\n});",
              "err": {},
              "uuid": "5ba0f96e-e85c-4207-9656-71122ad35c54",
              "parentUUID": "20d3cff8-a468-449d-b0b2-948565ba2dd8",
              "isHook": false,
              "skipped": false
            }
          ],
          "suites": [],
          "passes": [
            "ffa8cb80-5daa-4e06-8af5-0724d83bc6b3",
            "5ba0f96e-e85c-4207-9656-71122ad35c54"
          ],
          "failures": [],
          "pending": [],
          "skipped": [],
          "duration": 308,
          "root": false,
          "rootEmpty": false,
          "_timeout": 2000
        },
        {
          "uuid": "04d1c15f-733b-469f-ab30-cbd9af3b5495",
          "title": "7 - Clicar em uma das cores da paleta, faz com que ela seja selecionada e utilizada para preencher os pixels no quadro.",
          "fullFile": "",
          "file": "",
          "beforeHooks": [],
          "afterHooks": [],
          "tests": [
            {
              "title": "Verifica se somente uma cor da paleta de cores tem a classe `selected` de cada vez",
              "fullTitle": "7 - Clicar em uma das cores da paleta, faz com que ela seja selecionada e utilizada para preencher os pixels no quadro. Verifica se somente uma cor da paleta de cores tem a classe `selected` de cada vez",
              "timedOut": null,
              "duration": 533,
              "state": "passed",
              "speed": "slow",
              "pass": true,
              "fail": false,
              "pending": false,
              "context": null,
              "code": "cy.get('.color').each(function (selectedColor, selectedColorIndex) {\n  cy.wrap(selectedColor).click();\n  cy.get('.color').each(function (color, colorIndex) {\n    if (colorIndex === selectedColorIndex) {\n      expect(color).to.have[\"class\"]('selected');\n    } else {\n      expect(color).not.to.have[\"class\"]('selected');\n    }\n  });\n});",
              "err": {},
              "uuid": "8c4f2849-42c4-47a6-b211-19d53257f26f",
              "parentUUID": "04d1c15f-733b-469f-ab30-cbd9af3b5495",
              "isHook": false,
              "skipped": false
            },
            {
              "title": "Verifica se os pixels dentro do quadro não têm a classe `selected` quando são clicados",
              "fullTitle": "7 - Clicar em uma das cores da paleta, faz com que ela seja selecionada e utilizada para preencher os pixels no quadro. Verifica se os pixels dentro do quadro não têm a classe `selected` quando são clicados",
              "timedOut": null,
              "duration": 9225,
              "state": "passed",
              "speed": "slow",
              "pass": true,
              "fail": false,
              "pending": false,
              "context": null,
              "code": "cy.get('.color').each(function (color) {\n  var backgroundColor = color.css('background-color');\n  cy.wrap(color).click();\n  cy.get('.pixel').each(function (pixel) {\n    cy.wrap(pixel).click().should('not.have.class', 'selected');\n  });\n});",
              "err": {},
              "uuid": "785a70c6-f18b-4a55-8e7d-0ff50634a5e8",
              "parentUUID": "04d1c15f-733b-469f-ab30-cbd9af3b5495",
              "isHook": false,
              "skipped": false
            }
          ],
          "suites": [],
          "passes": [
            "8c4f2849-42c4-47a6-b211-19d53257f26f",
            "785a70c6-f18b-4a55-8e7d-0ff50634a5e8"
          ],
          "failures": [],
          "pending": [],
          "skipped": [],
          "duration": 9758,
          "root": false,
          "rootEmpty": false,
          "_timeout": 2000
        },
        {
          "uuid": "e322b398-4fe0-4946-9259-d5c142c336ae",
          "title": "8 - Clicar em um pixel dentro do quadro após selecionar uma cor na paleta, faz com que o pixel seja preenchido com a cor selecionada.",
          "fullFile": "",
          "file": "",
          "beforeHooks": [],
          "afterHooks": [],
          "tests": [
            {
              "title": "Verifica se ao carregar a página deve ser possível pintar os pixels de preto",
              "fullTitle": "8 - Clicar em um pixel dentro do quadro após selecionar uma cor na paleta, faz com que o pixel seja preenchido com a cor selecionada. Verifica se ao carregar a página deve ser possível pintar os pixels de preto",
              "timedOut": null,
              "duration": 4538,
              "state": "failed",
              "speed": null,
              "pass": false,
              "fail": true,
              "pending": false,
              "context": null,
              "code": "cy.get('.pixel').each(function (pixel) {\n  cy.wrap(pixel).click().should('have.css', 'background-color', BLACK);\n});",
              "err": {
                "message": "CypressError: Timed out retrying: expected '<div.pixel>' to have CSS property 'background-color' with the value 'rgb(0, 0, 0)', but the value was 'rgb(255, 255, 255)'",
                "estack": "CypressError: Timed out retrying: expected '<div.pixel>' to have CSS property 'background-color' with the value 'rgb(0, 0, 0)', but the value was 'rgb(255, 255, 255)'\n    at cypressErr (http://localhost:43229/__cypress/runner/cypress_runner.js:149934:9)\n    at throwErr (http://localhost:43229/__cypress/runner/cypress_runner.js:149867:11)\n    at Object.throwErrByPath (http://localhost:43229/__cypress/runner/cypress_runner.js:149915:3)\n    at retry (http://localhost:43229/__cypress/runner/cypress_runner.js:144197:19)\n    at onFailFn (http://localhost:43229/__cypress/runner/cypress_runner.js:132448:16)\n    at tryCatcher (http://localhost:43229/__cypress/runner/cypress_runner.js:167415:23)\n    at Promise._settlePromiseFromHandler (http://localhost:43229/__cypress/runner/cypress_runner.js:165351:31)\n    at Promise._settlePromise (http://localhost:43229/__cypress/runner/cypress_runner.js:165408:18)\n    at Promise._settlePromise0 (http://localhost:43229/__cypress/runner/cypress_runner.js:165453:10)\n    at Promise._settlePromises (http://localhost:43229/__cypress/runner/cypress_runner.js:165528:18)\n    at Async../node_modules/bluebird/js/release/async.js.Async._drainQueue (http://localhost:43229/__cypress/runner/cypress_runner.js:162140:16)\n    at Async../node_modules/bluebird/js/release/async.js.Async._drainQueues (http://localhost:43229/__cypress/runner/cypress_runner.js:162150:10)\n    at Async.drainQueues (http://localhost:43229/__cypress/runner/cypress_runner.js:162024:14)",
                "diff": null
              },
              "uuid": "56b41f67-8c8f-4872-b87d-4ece68aa2438",
              "parentUUID": "e322b398-4fe0-4946-9259-d5c142c336ae",
              "isHook": false,
              "skipped": false
            },
            {
              "title": "Verifica se após selecionar uma outra cor na paleta, é possível pintar os pixels com essa cor",
              "fullTitle": "8 - Clicar em um pixel dentro do quadro após selecionar uma cor na paleta, faz com que o pixel seja preenchido com a cor selecionada. Verifica se após selecionar uma outra cor na paleta, é possível pintar os pixels com essa cor",
              "timedOut": null,
              "duration": 5028,
              "state": "failed",
              "speed": null,
              "pass": false,
              "fail": true,
              "pending": false,
              "context": null,
              "code": "cy.get('.color').each(function (color) {\n  var backgroundColor = color.css('background-color');\n  cy.wrap(color).click();\n  cy.get('.pixel').each(function (pixel) {\n    cy.wrap(pixel).click().should('have.css', 'background-color', backgroundColor);\n  });\n});",
              "err": {
                "message": "CypressError: Timed out retrying: expected '<div.pixel>' to have CSS property 'background-color' with the value 'rgb(0, 0, 0)', but the value was 'rgb(255, 255, 255)'",
                "estack": "CypressError: Timed out retrying: expected '<div.pixel>' to have CSS property 'background-color' with the value 'rgb(0, 0, 0)', but the value was 'rgb(255, 255, 255)'\n    at cypressErr (http://localhost:43229/__cypress/runner/cypress_runner.js:149934:9)\n    at throwErr (http://localhost:43229/__cypress/runner/cypress_runner.js:149867:11)\n    at Object.throwErrByPath (http://localhost:43229/__cypress/runner/cypress_runner.js:149915:3)\n    at retry (http://localhost:43229/__cypress/runner/cypress_runner.js:144197:19)\n    at onFailFn (http://localhost:43229/__cypress/runner/cypress_runner.js:132448:16)\n    at tryCatcher (http://localhost:43229/__cypress/runner/cypress_runner.js:167415:23)\n    at Promise._settlePromiseFromHandler (http://localhost:43229/__cypress/runner/cypress_runner.js:165351:31)\n    at Promise._settlePromise (http://localhost:43229/__cypress/runner/cypress_runner.js:165408:18)\n    at Promise._settlePromise0 (http://localhost:43229/__cypress/runner/cypress_runner.js:165453:10)\n    at Promise._settlePromises (http://localhost:43229/__cypress/runner/cypress_runner.js:165528:18)\n    at Async../node_modules/bluebird/js/release/async.js.Async._drainQueue (http://localhost:43229/__cypress/runner/cypress_runner.js:162140:16)\n    at Async../node_modules/bluebird/js/release/async.js.Async._drainQueues (http://localhost:43229/__cypress/runner/cypress_runner.js:162150:10)\n    at Async.drainQueues (http://localhost:43229/__cypress/runner/cypress_runner.js:162024:14)",
                "diff": null
              },
              "uuid": "97a0383a-5eee-4b7b-8b17-f5ed06551f69",
              "parentUUID": "e322b398-4fe0-4946-9259-d5c142c336ae",
              "isHook": false,
              "skipped": false
            },
            {
              "title": "Verifica se somente o pixel que foi clicado foi preenchido com a cor selecionada, sem influenciar na cor dos demais pixels.",
              "fullTitle": "8 - Clicar em um pixel dentro do quadro após selecionar uma cor na paleta, faz com que o pixel seja preenchido com a cor selecionada. Verifica se somente o pixel que foi clicado foi preenchido com a cor selecionada, sem influenciar na cor dos demais pixels.",
              "timedOut": null,
              "duration": 1934,
              "state": "passed",
              "speed": "slow",
              "pass": true,
              "fail": false,
              "pending": false,
              "context": null,
              "code": "var colorToPixelIndexMap = {\n  0: 6,\n  1: 8,\n  2: 16,\n  3: 18\n};\ncy.get('.color').each(function (color, index) {\n  cy.wrap(color).click();\n  var backgroundColor = color.css('background-color');\n  var clickedPixelIndex = colorToPixelIndexMap[index];\n  cy.get('.pixel').eq(clickedPixelIndex).click();\n  cy.get('.pixel').eq(clickedPixelIndex - 1).should('not.have.css', 'background-color', backgroundColor);\n  cy.get('.pixel').eq(clickedPixelIndex + 1).should('not.have.css', 'background-color', backgroundColor);\n  cy.get('.pixel').eq(clickedPixelIndex - 5).should('not.have.css', 'background-color', backgroundColor);\n  cy.get('.pixel').eq(clickedPixelIndex + 5).should('not.have.css', 'background-color', backgroundColor);\n  cy.get('.pixel').eq(clickedPixelIndex - 6).should('not.have.css', 'background-color', backgroundColor);\n  cy.get('.pixel').eq(clickedPixelIndex - 4).should('not.have.css', 'background-color', backgroundColor);\n  cy.get('.pixel').eq(clickedPixelIndex + 4).should('not.have.css', 'background-color', backgroundColor);\n  cy.get('.pixel').eq(clickedPixelIndex + 6).should('not.have.css', 'background-color', backgroundColor);\n});",
              "err": {},
              "uuid": "593d6b2e-e8fd-4922-a590-18a953c9d38e",
              "parentUUID": "e322b398-4fe0-4946-9259-d5c142c336ae",
              "isHook": false,
              "skipped": false
            }
          ],
          "suites": [],
          "passes": [
            "593d6b2e-e8fd-4922-a590-18a953c9d38e"
          ],
          "failures": [
            "56b41f67-8c8f-4872-b87d-4ece68aa2438",
            "97a0383a-5eee-4b7b-8b17-f5ed06551f69"
          ],
          "pending": [],
          "skipped": [],
          "duration": 11500,
          "root": false,
          "rootEmpty": false,
          "_timeout": 2000
        },
        {
          "uuid": "a21f99f9-a632-4793-8dcd-9c0c2fc22b92",
          "title": "9 - Crie um botão que, ao ser clicado, limpa o quadro preenchendo a cor de todos seus pixels com branco.",
          "fullFile": "",
          "file": "",
          "beforeHooks": [],
          "afterHooks": [],
          "tests": [
            {
              "title": "Verifica se o botão tem o `id` denominado `clear-board`",
              "fullTitle": "9 - Crie um botão que, ao ser clicado, limpa o quadro preenchendo a cor de todos seus pixels com branco. Verifica se o botão tem o `id` denominado `clear-board`",
              "timedOut": null,
              "duration": 4523,
              "state": "failed",
              "speed": null,
              "pass": false,
              "fail": true,
              "pending": false,
              "context": null,
              "code": "cy.get('#clear-board').should('be.visible');",
              "err": {
                "message": "CypressError: Timed out retrying: Expected to find element: '#clear-board', but never found it.",
                "estack": "CypressError: Timed out retrying: Expected to find element: '#clear-board', but never found it.\n    at cypressErr (http://localhost:43229/__cypress/runner/cypress_runner.js:149934:9)\n    at throwErr (http://localhost:43229/__cypress/runner/cypress_runner.js:149867:11)\n    at Object.throwErrByPath (http://localhost:43229/__cypress/runner/cypress_runner.js:149915:3)\n    at retry (http://localhost:43229/__cypress/runner/cypress_runner.js:144197:19)\n    at onFailFn (http://localhost:43229/__cypress/runner/cypress_runner.js:132448:16)\n    at tryCatcher (http://localhost:43229/__cypress/runner/cypress_runner.js:167415:23)\n    at Promise._settlePromiseFromHandler (http://localhost:43229/__cypress/runner/cypress_runner.js:165351:31)\n    at Promise._settlePromise (http://localhost:43229/__cypress/runner/cypress_runner.js:165408:18)\n    at Promise._settlePromise0 (http://localhost:43229/__cypress/runner/cypress_runner.js:165453:10)\n    at Promise._settlePromises (http://localhost:43229/__cypress/runner/cypress_runner.js:165528:18)\n    at Async../node_modules/bluebird/js/release/async.js.Async._drainQueue (http://localhost:43229/__cypress/runner/cypress_runner.js:162140:16)\n    at Async../node_modules/bluebird/js/release/async.js.Async._drainQueues (http://localhost:43229/__cypress/runner/cypress_runner.js:162150:10)\n    at Async.drainQueues (http://localhost:43229/__cypress/runner/cypress_runner.js:162024:14)",
                "diff": null
              },
              "uuid": "e16cbf15-41ee-467f-a858-d98f6aa8b5c2",
              "parentUUID": "a21f99f9-a632-4793-8dcd-9c0c2fc22b92",
              "isHook": false,
              "skipped": false
            },
            {
              "title": "Verifica se o botão está posicionado entre a paleta de cores e o quadro de pixels",
              "fullTitle": "9 - Crie um botão que, ao ser clicado, limpa o quadro preenchendo a cor de todos seus pixels com branco. Verifica se o botão está posicionado entre a paleta de cores e o quadro de pixels",
              "timedOut": null,
              "duration": 4541,
              "state": "failed",
              "speed": null,
              "pass": false,
              "fail": true,
              "pending": false,
              "context": null,
              "code": "cy.get('#color-palette').then(function (palette) {\n  cy.get('#clear-board').should('be.belowOf', palette);\n});\ncy.get('#clear-board').then(function (clearBtn) {\n  cy.get('#pixel-board').should('be.belowOf', clearBtn);\n});",
              "err": {
                "message": "CypressError: Timed out retrying: Expected to find element: '#clear-board', but never found it.",
                "estack": "CypressError: Timed out retrying: Expected to find element: '#clear-board', but never found it.\n    at cypressErr (http://localhost:43229/__cypress/runner/cypress_runner.js:149934:9)\n    at throwErr (http://localhost:43229/__cypress/runner/cypress_runner.js:149867:11)\n    at Object.throwErrByPath (http://localhost:43229/__cypress/runner/cypress_runner.js:149915:3)\n    at retry (http://localhost:43229/__cypress/runner/cypress_runner.js:144197:19)\n    at onFailFn (http://localhost:43229/__cypress/runner/cypress_runner.js:132448:16)\n    at tryCatcher (http://localhost:43229/__cypress/runner/cypress_runner.js:167415:23)\n    at Promise._settlePromiseFromHandler (http://localhost:43229/__cypress/runner/cypress_runner.js:165351:31)\n    at Promise._settlePromise (http://localhost:43229/__cypress/runner/cypress_runner.js:165408:18)\n    at Promise._settlePromise0 (http://localhost:43229/__cypress/runner/cypress_runner.js:165453:10)\n    at Promise._settlePromises (http://localhost:43229/__cypress/runner/cypress_runner.js:165528:18)\n    at Async../node_modules/bluebird/js/release/async.js.Async._drainQueue (http://localhost:43229/__cypress/runner/cypress_runner.js:162140:16)\n    at Async../node_modules/bluebird/js/release/async.js.Async._drainQueues (http://localhost:43229/__cypress/runner/cypress_runner.js:162150:10)\n    at Async.drainQueues (http://localhost:43229/__cypress/runner/cypress_runner.js:162024:14)",
                "diff": null
              },
              "uuid": "d77c3482-ba27-4241-9d7a-a06cb3d89463",
              "parentUUID": "a21f99f9-a632-4793-8dcd-9c0c2fc22b92",
              "isHook": false,
              "skipped": false
            },
            {
              "title": "Verifica se o texto do botão é 'Limpar'",
              "fullTitle": "9 - Crie um botão que, ao ser clicado, limpa o quadro preenchendo a cor de todos seus pixels com branco. Verifica se o texto do botão é 'Limpar'",
              "timedOut": null,
              "duration": 4619,
              "state": "failed",
              "speed": null,
              "pass": false,
              "fail": true,
              "pending": false,
              "context": null,
              "code": "cy.get('#clear-board').should('contain.text', 'Limpar');",
              "err": {
                "message": "CypressError: Timed out retrying: Expected to find element: '#clear-board', but never found it.",
                "estack": "CypressError: Timed out retrying: Expected to find element: '#clear-board', but never found it.\n    at cypressErr (http://localhost:43229/__cypress/runner/cypress_runner.js:149934:9)\n    at throwErr (http://localhost:43229/__cypress/runner/cypress_runner.js:149867:11)\n    at Object.throwErrByPath (http://localhost:43229/__cypress/runner/cypress_runner.js:149915:3)\n    at retry (http://localhost:43229/__cypress/runner/cypress_runner.js:144197:19)\n    at onFailFn (http://localhost:43229/__cypress/runner/cypress_runner.js:132448:16)\n    at tryCatcher (http://localhost:43229/__cypress/runner/cypress_runner.js:167415:23)\n    at Promise._settlePromiseFromHandler (http://localhost:43229/__cypress/runner/cypress_runner.js:165351:31)\n    at Promise._settlePromise (http://localhost:43229/__cypress/runner/cypress_runner.js:165408:18)\n    at Promise._settlePromise0 (http://localhost:43229/__cypress/runner/cypress_runner.js:165453:10)\n    at Promise._settlePromises (http://localhost:43229/__cypress/runner/cypress_runner.js:165528:18)\n    at Async../node_modules/bluebird/js/release/async.js.Async._drainQueue (http://localhost:43229/__cypress/runner/cypress_runner.js:162140:16)\n    at Async../node_modules/bluebird/js/release/async.js.Async._drainQueues (http://localhost:43229/__cypress/runner/cypress_runner.js:162150:10)\n    at Async.drainQueues (http://localhost:43229/__cypress/runner/cypress_runner.js:162024:14)",
                "diff": null
              },
              "uuid": "2ee66d5c-970e-440f-b8e4-e5e8c271fc46",
              "parentUUID": "a21f99f9-a632-4793-8dcd-9c0c2fc22b92",
              "isHook": false,
              "skipped": false
            },
            {
              "title": "Verifica se ao clicar no botão, o quadro de pixels é totalmente preenchido de branco",
              "fullTitle": "9 - Crie um botão que, ao ser clicado, limpa o quadro preenchendo a cor de todos seus pixels com branco. Verifica se ao clicar no botão, o quadro de pixels é totalmente preenchido de branco",
              "timedOut": null,
              "duration": 4774,
              "state": "failed",
              "speed": null,
              "pass": false,
              "fail": true,
              "pending": false,
              "context": null,
              "code": "cy.get('.color').eq(1).then(function (color) {\n  var backgroundColor = color.css('background-color');\n  cy.wrap(color).click();\n  cy.get('.pixel').each(function (pixel) {\n    cy.wrap(pixel).click().should('have.css', 'background-color', backgroundColor);\n  });\n});\ncy.get('#clear-board').click();\ncy.get('.pixel').each(function (pixel) {\n  cy.wrap(pixel).should('have.css', 'background-color', WHITE);\n});",
              "err": {
                "message": "CypressError: Timed out retrying: expected '<div.pixel>' to have CSS property 'background-color' with the value 'rgb(220, 207, 20)', but the value was 'rgb(255, 255, 255)'",
                "estack": "CypressError: Timed out retrying: expected '<div.pixel>' to have CSS property 'background-color' with the value 'rgb(220, 207, 20)', but the value was 'rgb(255, 255, 255)'\n    at cypressErr (http://localhost:43229/__cypress/runner/cypress_runner.js:149934:9)\n    at throwErr (http://localhost:43229/__cypress/runner/cypress_runner.js:149867:11)\n    at Object.throwErrByPath (http://localhost:43229/__cypress/runner/cypress_runner.js:149915:3)\n    at retry (http://localhost:43229/__cypress/runner/cypress_runner.js:144197:19)\n    at onFailFn (http://localhost:43229/__cypress/runner/cypress_runner.js:132448:16)\n    at tryCatcher (http://localhost:43229/__cypress/runner/cypress_runner.js:167415:23)\n    at Promise._settlePromiseFromHandler (http://localhost:43229/__cypress/runner/cypress_runner.js:165351:31)\n    at Promise._settlePromise (http://localhost:43229/__cypress/runner/cypress_runner.js:165408:18)\n    at Promise._settlePromise0 (http://localhost:43229/__cypress/runner/cypress_runner.js:165453:10)\n    at Promise._settlePromises (http://localhost:43229/__cypress/runner/cypress_runner.js:165528:18)\n    at Async../node_modules/bluebird/js/release/async.js.Async._drainQueue (http://localhost:43229/__cypress/runner/cypress_runner.js:162140:16)\n    at Async../node_modules/bluebird/js/release/async.js.Async._drainQueues (http://localhost:43229/__cypress/runner/cypress_runner.js:162150:10)\n    at Async.drainQueues (http://localhost:43229/__cypress/runner/cypress_runner.js:162024:14)",
                "diff": null
              },
              "uuid": "00e28d3c-57ec-42a9-9e44-6c7be16b4596",
              "parentUUID": "a21f99f9-a632-4793-8dcd-9c0c2fc22b92",
              "isHook": false,
              "skipped": false
            }
          ],
          "suites": [],
          "passes": [],
          "failures": [
            "e16cbf15-41ee-467f-a858-d98f6aa8b5c2",
            "d77c3482-ba27-4241-9d7a-a06cb3d89463",
            "2ee66d5c-970e-440f-b8e4-e5e8c271fc46",
            "00e28d3c-57ec-42a9-9e44-6c7be16b4596"
          ],
          "pending": [],
          "skipped": [],
          "duration": 18457,
          "root": false,
          "rootEmpty": false,
          "_timeout": 2000
        },
        {
          "uuid": "b7b5bac0-43aa-4b2c-b628-604f8ec0b26f",
          "title": "10 - Faça o quadro de pixels ter seu tamanho definido pelo usuário.",
          "fullFile": "",
          "file": "",
          "beforeHooks": [],
          "afterHooks": [],
          "tests": [
            {
              "title": "Verifica se existe um input com o id `board-size`",
              "fullTitle": "10 - Faça o quadro de pixels ter seu tamanho definido pelo usuário. Verifica se existe um input com o id `board-size`",
              "timedOut": null,
              "duration": 4754,
              "state": "failed",
              "speed": null,
              "pass": false,
              "fail": true,
              "pending": false,
              "context": null,
              "code": "cy.get('#board-size').should('be.visible');",
              "err": {
                "message": "CypressError: Timed out retrying: Expected to find element: '#board-size', but never found it.",
                "estack": "CypressError: Timed out retrying: Expected to find element: '#board-size', but never found it.\n    at cypressErr (http://localhost:43229/__cypress/runner/cypress_runner.js:149934:9)\n    at throwErr (http://localhost:43229/__cypress/runner/cypress_runner.js:149867:11)\n    at Object.throwErrByPath (http://localhost:43229/__cypress/runner/cypress_runner.js:149915:3)\n    at retry (http://localhost:43229/__cypress/runner/cypress_runner.js:144197:19)\n    at onFailFn (http://localhost:43229/__cypress/runner/cypress_runner.js:132448:16)\n    at tryCatcher (http://localhost:43229/__cypress/runner/cypress_runner.js:167415:23)\n    at Promise._settlePromiseFromHandler (http://localhost:43229/__cypress/runner/cypress_runner.js:165351:31)\n    at Promise._settlePromise (http://localhost:43229/__cypress/runner/cypress_runner.js:165408:18)\n    at Promise._settlePromise0 (http://localhost:43229/__cypress/runner/cypress_runner.js:165453:10)\n    at Promise._settlePromises (http://localhost:43229/__cypress/runner/cypress_runner.js:165528:18)\n    at Async../node_modules/bluebird/js/release/async.js.Async._drainQueue (http://localhost:43229/__cypress/runner/cypress_runner.js:162140:16)\n    at Async../node_modules/bluebird/js/release/async.js.Async._drainQueues (http://localhost:43229/__cypress/runner/cypress_runner.js:162150:10)\n    at Async.drainQueues (http://localhost:43229/__cypress/runner/cypress_runner.js:162024:14)",
                "diff": null
              },
              "uuid": "97766a28-8773-4b03-8a2d-95912bdeee30",
              "parentUUID": "b7b5bac0-43aa-4b2c-b628-604f8ec0b26f",
              "isHook": false,
              "skipped": false
            },
            {
              "title": "Verifica se existe um botão com o id `generate-board`",
              "fullTitle": "10 - Faça o quadro de pixels ter seu tamanho definido pelo usuário. Verifica se existe um botão com o id `generate-board`",
              "timedOut": null,
              "duration": 4647,
              "state": "failed",
              "speed": null,
              "pass": false,
              "fail": true,
              "pending": false,
              "context": null,
              "code": "cy.get('#generate-board').should('be.visible');",
              "err": {
                "message": "CypressError: Timed out retrying: Expected to find element: '#generate-board', but never found it.",
                "estack": "CypressError: Timed out retrying: Expected to find element: '#generate-board', but never found it.\n    at cypressErr (http://localhost:43229/__cypress/runner/cypress_runner.js:149934:9)\n    at throwErr (http://localhost:43229/__cypress/runner/cypress_runner.js:149867:11)\n    at Object.throwErrByPath (http://localhost:43229/__cypress/runner/cypress_runner.js:149915:3)\n    at retry (http://localhost:43229/__cypress/runner/cypress_runner.js:144197:19)\n    at onFailFn (http://localhost:43229/__cypress/runner/cypress_runner.js:132448:16)\n    at tryCatcher (http://localhost:43229/__cypress/runner/cypress_runner.js:167415:23)\n    at Promise._settlePromiseFromHandler (http://localhost:43229/__cypress/runner/cypress_runner.js:165351:31)\n    at Promise._settlePromise (http://localhost:43229/__cypress/runner/cypress_runner.js:165408:18)\n    at Promise._settlePromise0 (http://localhost:43229/__cypress/runner/cypress_runner.js:165453:10)\n    at Promise._settlePromises (http://localhost:43229/__cypress/runner/cypress_runner.js:165528:18)\n    at Async../node_modules/bluebird/js/release/async.js.Async._drainQueue (http://localhost:43229/__cypress/runner/cypress_runner.js:162140:16)\n    at Async../node_modules/bluebird/js/release/async.js.Async._drainQueues (http://localhost:43229/__cypress/runner/cypress_runner.js:162150:10)\n    at Async.drainQueues (http://localhost:43229/__cypress/runner/cypress_runner.js:162024:14)",
                "diff": null
              },
              "uuid": "46d4fdbc-c2dc-42ac-b0ce-6dbe1894c764",
              "parentUUID": "b7b5bac0-43aa-4b2c-b628-604f8ec0b26f",
              "isHook": false,
              "skipped": false
            },
            {
              "title": "Verifica se o input só aceita número maiores que zero. Essa restrição deve ser feita usando os atributos do elemento `input`",
              "fullTitle": "10 - Faça o quadro de pixels ter seu tamanho definido pelo usuário. Verifica se o input só aceita número maiores que zero. Essa restrição deve ser feita usando os atributos do elemento `input`",
              "timedOut": null,
              "duration": 4557,
              "state": "failed",
              "speed": null,
              "pass": false,
              "fail": true,
              "pending": false,
              "context": null,
              "code": "cy.get('#board-size[type=\\'number\\'][min=\\'1\\']');",
              "err": {
                "message": "CypressError: Timed out retrying: Expected to find element: '#board-size[type='number'][min='1']', but never found it.",
                "estack": "CypressError: Timed out retrying: Expected to find element: '#board-size[type='number'][min='1']', but never found it.\n    at cypressErr (http://localhost:43229/__cypress/runner/cypress_runner.js:149934:9)\n    at throwErr (http://localhost:43229/__cypress/runner/cypress_runner.js:149867:11)\n    at Object.throwErrByPath (http://localhost:43229/__cypress/runner/cypress_runner.js:149915:3)\n    at retry (http://localhost:43229/__cypress/runner/cypress_runner.js:144197:19)\n    at onFailFn (http://localhost:43229/__cypress/runner/cypress_runner.js:132448:16)\n    at tryCatcher (http://localhost:43229/__cypress/runner/cypress_runner.js:167415:23)\n    at Promise._settlePromiseFromHandler (http://localhost:43229/__cypress/runner/cypress_runner.js:165351:31)\n    at Promise._settlePromise (http://localhost:43229/__cypress/runner/cypress_runner.js:165408:18)\n    at Promise._settlePromise0 (http://localhost:43229/__cypress/runner/cypress_runner.js:165453:10)\n    at Promise._settlePromises (http://localhost:43229/__cypress/runner/cypress_runner.js:165528:18)\n    at Async../node_modules/bluebird/js/release/async.js.Async._drainQueue (http://localhost:43229/__cypress/runner/cypress_runner.js:162140:16)\n    at Async../node_modules/bluebird/js/release/async.js.Async._drainQueues (http://localhost:43229/__cypress/runner/cypress_runner.js:162150:10)\n    at Async.drainQueues (http://localhost:43229/__cypress/runner/cypress_runner.js:162024:14)",
                "diff": null
              },
              "uuid": "8a05f507-07c7-4e94-a780-b99026b8fda5",
              "parentUUID": "b7b5bac0-43aa-4b2c-b628-604f8ec0b26f",
              "isHook": false,
              "skipped": false
            },
            {
              "title": "Verifica se o botão contém o texto 'VQV'",
              "fullTitle": "10 - Faça o quadro de pixels ter seu tamanho definido pelo usuário. Verifica se o botão contém o texto 'VQV'",
              "timedOut": null,
              "duration": 4539,
              "state": "failed",
              "speed": null,
              "pass": false,
              "fail": true,
              "pending": false,
              "context": null,
              "code": "cy.get('#generate-board').contains(/vqv/i);",
              "err": {
                "message": "CypressError: Timed out retrying: Expected to find element: '#generate-board', but never found it.",
                "estack": "CypressError: Timed out retrying: Expected to find element: '#generate-board', but never found it.\n    at cypressErr (http://localhost:43229/__cypress/runner/cypress_runner.js:149934:9)\n    at throwErr (http://localhost:43229/__cypress/runner/cypress_runner.js:149867:11)\n    at Object.throwErrByPath (http://localhost:43229/__cypress/runner/cypress_runner.js:149915:3)\n    at retry (http://localhost:43229/__cypress/runner/cypress_runner.js:144197:19)\n    at onFailFn (http://localhost:43229/__cypress/runner/cypress_runner.js:132448:16)\n    at tryCatcher (http://localhost:43229/__cypress/runner/cypress_runner.js:167415:23)\n    at Promise._settlePromiseFromHandler (http://localhost:43229/__cypress/runner/cypress_runner.js:165351:31)\n    at Promise._settlePromise (http://localhost:43229/__cypress/runner/cypress_runner.js:165408:18)\n    at Promise._settlePromise0 (http://localhost:43229/__cypress/runner/cypress_runner.js:165453:10)\n    at Promise._settlePromises (http://localhost:43229/__cypress/runner/cypress_runner.js:165528:18)\n    at Async../node_modules/bluebird/js/release/async.js.Async._drainQueue (http://localhost:43229/__cypress/runner/cypress_runner.js:162140:16)\n    at Async../node_modules/bluebird/js/release/async.js.Async._drainQueues (http://localhost:43229/__cypress/runner/cypress_runner.js:162150:10)\n    at Async.drainQueues (http://localhost:43229/__cypress/runner/cypress_runner.js:162024:14)",
                "diff": null
              },
              "uuid": "2c68eb4d-c7db-46d0-9401-a9fa7e74cea9",
              "parentUUID": "b7b5bac0-43aa-4b2c-b628-604f8ec0b26f",
              "isHook": false,
              "skipped": false
            },
            {
              "title": "Verifica se o input está posicionado entre a paleta de cores e o quadro de pixels",
              "fullTitle": "10 - Faça o quadro de pixels ter seu tamanho definido pelo usuário. Verifica se o input está posicionado entre a paleta de cores e o quadro de pixels",
              "timedOut": null,
              "duration": 4526,
              "state": "failed",
              "speed": null,
              "pass": false,
              "fail": true,
              "pending": false,
              "context": null,
              "code": "cy.get('#color-palette').then(function (palette) {\n  cy.get('#board-size').should('be.belowOf', palette);\n});\ncy.get('#board-size').then(function (palette) {\n  cy.get('#pixel-board').should('be.belowOf', palette);\n});",
              "err": {
                "message": "CypressError: Timed out retrying: Expected to find element: '#board-size', but never found it.",
                "estack": "CypressError: Timed out retrying: Expected to find element: '#board-size', but never found it.\n    at cypressErr (http://localhost:43229/__cypress/runner/cypress_runner.js:149934:9)\n    at throwErr (http://localhost:43229/__cypress/runner/cypress_runner.js:149867:11)\n    at Object.throwErrByPath (http://localhost:43229/__cypress/runner/cypress_runner.js:149915:3)\n    at retry (http://localhost:43229/__cypress/runner/cypress_runner.js:144197:19)\n    at onFailFn (http://localhost:43229/__cypress/runner/cypress_runner.js:132448:16)\n    at tryCatcher (http://localhost:43229/__cypress/runner/cypress_runner.js:167415:23)\n    at Promise._settlePromiseFromHandler (http://localhost:43229/__cypress/runner/cypress_runner.js:165351:31)\n    at Promise._settlePromise (http://localhost:43229/__cypress/runner/cypress_runner.js:165408:18)\n    at Promise._settlePromise0 (http://localhost:43229/__cypress/runner/cypress_runner.js:165453:10)\n    at Promise._settlePromises (http://localhost:43229/__cypress/runner/cypress_runner.js:165528:18)\n    at Async../node_modules/bluebird/js/release/async.js.Async._drainQueue (http://localhost:43229/__cypress/runner/cypress_runner.js:162140:16)\n    at Async../node_modules/bluebird/js/release/async.js.Async._drainQueues (http://localhost:43229/__cypress/runner/cypress_runner.js:162150:10)\n    at Async.drainQueues (http://localhost:43229/__cypress/runner/cypress_runner.js:162024:14)",
                "diff": null
              },
              "uuid": "1b53ae0e-86f2-4ce5-b481-e8535a5204d5",
              "parentUUID": "b7b5bac0-43aa-4b2c-b628-604f8ec0b26f",
              "isHook": false,
              "skipped": false
            },
            {
              "title": "Verifica se o botão está posicionado ao lado do input",
              "fullTitle": "10 - Faça o quadro de pixels ter seu tamanho definido pelo usuário. Verifica se o botão está posicionado ao lado do input",
              "timedOut": null,
              "duration": 4570,
              "state": "failed",
              "speed": null,
              "pass": false,
              "fail": true,
              "pending": false,
              "context": null,
              "code": "cy.get('#board-size').then(function (board) {\n  cy.get('#generate-board').should('be.onTheRightOf', board);\n});",
              "err": {
                "message": "CypressError: Timed out retrying: Expected to find element: '#board-size', but never found it.",
                "estack": "CypressError: Timed out retrying: Expected to find element: '#board-size', but never found it.\n    at cypressErr (http://localhost:43229/__cypress/runner/cypress_runner.js:149934:9)\n    at throwErr (http://localhost:43229/__cypress/runner/cypress_runner.js:149867:11)\n    at Object.throwErrByPath (http://localhost:43229/__cypress/runner/cypress_runner.js:149915:3)\n    at retry (http://localhost:43229/__cypress/runner/cypress_runner.js:144197:19)\n    at onFailFn (http://localhost:43229/__cypress/runner/cypress_runner.js:132448:16)\n    at tryCatcher (http://localhost:43229/__cypress/runner/cypress_runner.js:167415:23)\n    at Promise._settlePromiseFromHandler (http://localhost:43229/__cypress/runner/cypress_runner.js:165351:31)\n    at Promise._settlePromise (http://localhost:43229/__cypress/runner/cypress_runner.js:165408:18)\n    at Promise._settlePromise0 (http://localhost:43229/__cypress/runner/cypress_runner.js:165453:10)\n    at Promise._settlePromises (http://localhost:43229/__cypress/runner/cypress_runner.js:165528:18)\n    at Async../node_modules/bluebird/js/release/async.js.Async._drainQueue (http://localhost:43229/__cypress/runner/cypress_runner.js:162140:16)\n    at Async../node_modules/bluebird/js/release/async.js.Async._drainQueues (http://localhost:43229/__cypress/runner/cypress_runner.js:162150:10)\n    at Async.drainQueues (http://localhost:43229/__cypress/runner/cypress_runner.js:162024:14)",
                "diff": null
              },
              "uuid": "2ef86703-99d4-4c03-aee9-db707014b400",
              "parentUUID": "b7b5bac0-43aa-4b2c-b628-604f8ec0b26f",
              "isHook": false,
              "skipped": false
            },
            {
              "title": "Verifica se nenhum valor for colocado no input ao clicar no botão, um `alert` é exibido com o texto: 'Board inválido!'",
              "fullTitle": "10 - Faça o quadro de pixels ter seu tamanho definido pelo usuário. Verifica se nenhum valor for colocado no input ao clicar no botão, um `alert` é exibido com o texto: 'Board inválido!'",
              "timedOut": null,
              "duration": 4661,
              "state": "failed",
              "speed": null,
              "pass": false,
              "fail": true,
              "pending": false,
              "context": null,
              "code": "var alerted = false;\ncy.on('window:alert', function (msg) {\n  return alerted = msg;\n});\ncy.get('#generate-board').click().then(function () {\n  return expect(alerted).to.match(/Board inválido!/i);\n});",
              "err": {
                "message": "CypressError: Timed out retrying: Expected to find element: '#generate-board', but never found it.",
                "estack": "CypressError: Timed out retrying: Expected to find element: '#generate-board', but never found it.\n    at cypressErr (http://localhost:43229/__cypress/runner/cypress_runner.js:149934:9)\n    at throwErr (http://localhost:43229/__cypress/runner/cypress_runner.js:149867:11)\n    at Object.throwErrByPath (http://localhost:43229/__cypress/runner/cypress_runner.js:149915:3)\n    at retry (http://localhost:43229/__cypress/runner/cypress_runner.js:144197:19)\n    at onFailFn (http://localhost:43229/__cypress/runner/cypress_runner.js:132448:16)\n    at tryCatcher (http://localhost:43229/__cypress/runner/cypress_runner.js:167415:23)\n    at Promise._settlePromiseFromHandler (http://localhost:43229/__cypress/runner/cypress_runner.js:165351:31)\n    at Promise._settlePromise (http://localhost:43229/__cypress/runner/cypress_runner.js:165408:18)\n    at Promise._settlePromise0 (http://localhost:43229/__cypress/runner/cypress_runner.js:165453:10)\n    at Promise._settlePromises (http://localhost:43229/__cypress/runner/cypress_runner.js:165528:18)\n    at Async../node_modules/bluebird/js/release/async.js.Async._drainQueue (http://localhost:43229/__cypress/runner/cypress_runner.js:162140:16)\n    at Async../node_modules/bluebird/js/release/async.js.Async._drainQueues (http://localhost:43229/__cypress/runner/cypress_runner.js:162150:10)\n    at Async.drainQueues (http://localhost:43229/__cypress/runner/cypress_runner.js:162024:14)",
                "diff": null
              },
              "uuid": "e9cb8f56-a690-4822-81f9-0eebdf5808ed",
              "parentUUID": "b7b5bac0-43aa-4b2c-b628-604f8ec0b26f",
              "isHook": false,
              "skipped": false
            },
            {
              "title": "Verifica se ao clicar no botão com um valor preenchido, o tamanho do board muda.",
              "fullTitle": "10 - Faça o quadro de pixels ter seu tamanho definido pelo usuário. Verifica se ao clicar no botão com um valor preenchido, o tamanho do board muda.",
              "timedOut": null,
              "duration": 4562,
              "state": "failed",
              "speed": null,
              "pass": false,
              "fail": true,
              "pending": false,
              "context": null,
              "code": "cy.get('#board-size').clear().type(10);\ncy.get('#generate-board').click();\ncy.get('.pixel').should('have.length', 100);",
              "err": {
                "message": "CypressError: Timed out retrying: Expected to find element: '#board-size', but never found it.",
                "estack": "CypressError: Timed out retrying: Expected to find element: '#board-size', but never found it.\n    at cypressErr (http://localhost:43229/__cypress/runner/cypress_runner.js:149934:9)\n    at throwErr (http://localhost:43229/__cypress/runner/cypress_runner.js:149867:11)\n    at Object.throwErrByPath (http://localhost:43229/__cypress/runner/cypress_runner.js:149915:3)\n    at retry (http://localhost:43229/__cypress/runner/cypress_runner.js:144197:19)\n    at onFailFn (http://localhost:43229/__cypress/runner/cypress_runner.js:132448:16)\n    at tryCatcher (http://localhost:43229/__cypress/runner/cypress_runner.js:167415:23)\n    at Promise._settlePromiseFromHandler (http://localhost:43229/__cypress/runner/cypress_runner.js:165351:31)\n    at Promise._settlePromise (http://localhost:43229/__cypress/runner/cypress_runner.js:165408:18)\n    at Promise._settlePromise0 (http://localhost:43229/__cypress/runner/cypress_runner.js:165453:10)\n    at Promise._settlePromises (http://localhost:43229/__cypress/runner/cypress_runner.js:165528:18)\n    at Async../node_modules/bluebird/js/release/async.js.Async._drainQueue (http://localhost:43229/__cypress/runner/cypress_runner.js:162140:16)\n    at Async../node_modules/bluebird/js/release/async.js.Async._drainQueues (http://localhost:43229/__cypress/runner/cypress_runner.js:162150:10)\n    at Async.drainQueues (http://localhost:43229/__cypress/runner/cypress_runner.js:162024:14)",
                "diff": null
              },
              "uuid": "e93f6858-1e4e-40a8-85f0-d675cb4622c2",
              "parentUUID": "b7b5bac0-43aa-4b2c-b628-604f8ec0b26f",
              "isHook": false,
              "skipped": false
            },
            {
              "title": "Verifica se o novo quadro tem todos os pixels preenchidos com a cor branca",
              "fullTitle": "10 - Faça o quadro de pixels ter seu tamanho definido pelo usuário. Verifica se o novo quadro tem todos os pixels preenchidos com a cor branca",
              "timedOut": null,
              "duration": 4616,
              "state": "failed",
              "speed": null,
              "pass": false,
              "fail": true,
              "pending": false,
              "context": null,
              "code": "cy.get('#board-size').clear().type(6);\ncy.get('#generate-board').click();\ncy.get('.pixel').should('have.length', 36).each(function (pixel) {\n  expect(pixel).to.have.css('background-color', WHITE);\n});",
              "err": {
                "message": "CypressError: Timed out retrying: Expected to find element: '#board-size', but never found it.",
                "estack": "CypressError: Timed out retrying: Expected to find element: '#board-size', but never found it.\n    at cypressErr (http://localhost:43229/__cypress/runner/cypress_runner.js:149934:9)\n    at throwErr (http://localhost:43229/__cypress/runner/cypress_runner.js:149867:11)\n    at Object.throwErrByPath (http://localhost:43229/__cypress/runner/cypress_runner.js:149915:3)\n    at retry (http://localhost:43229/__cypress/runner/cypress_runner.js:144197:19)\n    at onFailFn (http://localhost:43229/__cypress/runner/cypress_runner.js:132448:16)\n    at tryCatcher (http://localhost:43229/__cypress/runner/cypress_runner.js:167415:23)\n    at Promise._settlePromiseFromHandler (http://localhost:43229/__cypress/runner/cypress_runner.js:165351:31)\n    at Promise._settlePromise (http://localhost:43229/__cypress/runner/cypress_runner.js:165408:18)\n    at Promise._settlePromise0 (http://localhost:43229/__cypress/runner/cypress_runner.js:165453:10)\n    at Promise._settlePromises (http://localhost:43229/__cypress/runner/cypress_runner.js:165528:18)\n    at Async../node_modules/bluebird/js/release/async.js.Async._drainQueue (http://localhost:43229/__cypress/runner/cypress_runner.js:162140:16)\n    at Async../node_modules/bluebird/js/release/async.js.Async._drainQueues (http://localhost:43229/__cypress/runner/cypress_runner.js:162150:10)\n    at Async.drainQueues (http://localhost:43229/__cypress/runner/cypress_runner.js:162024:14)",
                "diff": null
              },
              "uuid": "1ec824e9-082e-4f4d-b078-a9f996af7e92",
              "parentUUID": "b7b5bac0-43aa-4b2c-b628-604f8ec0b26f",
              "isHook": false,
              "skipped": false
            }
          ],
          "suites": [],
          "passes": [],
          "failures": [
            "97766a28-8773-4b03-8a2d-95912bdeee30",
            "46d4fdbc-c2dc-42ac-b0ce-6dbe1894c764",
            "8a05f507-07c7-4e94-a780-b99026b8fda5",
            "2c68eb4d-c7db-46d0-9401-a9fa7e74cea9",
            "1b53ae0e-86f2-4ce5-b481-e8535a5204d5",
            "2ef86703-99d4-4c03-aee9-db707014b400",
            "e9cb8f56-a690-4822-81f9-0eebdf5808ed",
            "e93f6858-1e4e-40a8-85f0-d675cb4622c2",
            "1ec824e9-082e-4f4d-b078-a9f996af7e92"
          ],
          "pending": [],
          "skipped": [],
          "duration": 41432,
          "root": false,
          "rootEmpty": false,
          "_timeout": 2000
        },
        {
          "uuid": "3390fea3-f4d5-4553-9922-b6281254484d",
          "title": "11 - Limite o tamanho mínimo e máximo do board.",
          "fullFile": "",
          "file": "",
          "beforeHooks": [],
          "afterHooks": [],
          "tests": [
            {
              "title": "Verifica se a altura máxima do board é 50",
              "fullTitle": "11 - Limite o tamanho mínimo e máximo do board. Verifica se a altura máxima do board é 50",
              "timedOut": null,
              "duration": 4577,
              "state": "failed",
              "speed": null,
              "pass": false,
              "fail": true,
              "pending": false,
              "context": null,
              "code": "cy.get('#board-size').clear().type(50);\ncy.get('#generate-board').click();\ncy.get('.pixel').should('have.length', 2500);",
              "err": {
                "message": "CypressError: Timed out retrying: Expected to find element: '#board-size', but never found it.",
                "estack": "CypressError: Timed out retrying: Expected to find element: '#board-size', but never found it.\n    at cypressErr (http://localhost:43229/__cypress/runner/cypress_runner.js:149934:9)\n    at throwErr (http://localhost:43229/__cypress/runner/cypress_runner.js:149867:11)\n    at Object.throwErrByPath (http://localhost:43229/__cypress/runner/cypress_runner.js:149915:3)\n    at retry (http://localhost:43229/__cypress/runner/cypress_runner.js:144197:19)\n    at onFailFn (http://localhost:43229/__cypress/runner/cypress_runner.js:132448:16)\n    at tryCatcher (http://localhost:43229/__cypress/runner/cypress_runner.js:167415:23)\n    at Promise._settlePromiseFromHandler (http://localhost:43229/__cypress/runner/cypress_runner.js:165351:31)\n    at Promise._settlePromise (http://localhost:43229/__cypress/runner/cypress_runner.js:165408:18)\n    at Promise._settlePromise0 (http://localhost:43229/__cypress/runner/cypress_runner.js:165453:10)\n    at Promise._settlePromises (http://localhost:43229/__cypress/runner/cypress_runner.js:165528:18)\n    at Async../node_modules/bluebird/js/release/async.js.Async._drainQueue (http://localhost:43229/__cypress/runner/cypress_runner.js:162140:16)\n    at Async../node_modules/bluebird/js/release/async.js.Async._drainQueues (http://localhost:43229/__cypress/runner/cypress_runner.js:162150:10)\n    at Async.drainQueues (http://localhost:43229/__cypress/runner/cypress_runner.js:162024:14)",
                "diff": null
              },
              "uuid": "808ebaa0-268a-4a1b-a587-ea8ef07e58d7",
              "parentUUID": "3390fea3-f4d5-4553-9922-b6281254484d",
              "isHook": false,
              "skipped": false
            },
            {
              "title": "Verifica se a altura do board é 5 quando um valor menor é colocado no input",
              "fullTitle": "11 - Limite o tamanho mínimo e máximo do board. Verifica se a altura do board é 5 quando um valor menor é colocado no input",
              "timedOut": null,
              "duration": 4607,
              "state": "failed",
              "speed": null,
              "pass": false,
              "fail": true,
              "pending": false,
              "context": null,
              "code": "cy.get('#board-size').clear().type(4);\ncy.get('#generate-board').click();\ncy.get('.pixel').should('have.length', 25);",
              "err": {
                "message": "CypressError: Timed out retrying: Expected to find element: '#board-size', but never found it.",
                "estack": "CypressError: Timed out retrying: Expected to find element: '#board-size', but never found it.\n    at cypressErr (http://localhost:43229/__cypress/runner/cypress_runner.js:149934:9)\n    at throwErr (http://localhost:43229/__cypress/runner/cypress_runner.js:149867:11)\n    at Object.throwErrByPath (http://localhost:43229/__cypress/runner/cypress_runner.js:149915:3)\n    at retry (http://localhost:43229/__cypress/runner/cypress_runner.js:144197:19)\n    at onFailFn (http://localhost:43229/__cypress/runner/cypress_runner.js:132448:16)\n    at tryCatcher (http://localhost:43229/__cypress/runner/cypress_runner.js:167415:23)\n    at Promise._settlePromiseFromHandler (http://localhost:43229/__cypress/runner/cypress_runner.js:165351:31)\n    at Promise._settlePromise (http://localhost:43229/__cypress/runner/cypress_runner.js:165408:18)\n    at Promise._settlePromise0 (http://localhost:43229/__cypress/runner/cypress_runner.js:165453:10)\n    at Promise._settlePromises (http://localhost:43229/__cypress/runner/cypress_runner.js:165528:18)\n    at Async../node_modules/bluebird/js/release/async.js.Async._drainQueue (http://localhost:43229/__cypress/runner/cypress_runner.js:162140:16)\n    at Async../node_modules/bluebird/js/release/async.js.Async._drainQueues (http://localhost:43229/__cypress/runner/cypress_runner.js:162150:10)\n    at Async.drainQueues (http://localhost:43229/__cypress/runner/cypress_runner.js:162024:14)",
                "diff": null
              },
              "uuid": "b79d9723-d71e-4049-ae22-031303331036",
              "parentUUID": "3390fea3-f4d5-4553-9922-b6281254484d",
              "isHook": false,
              "skipped": false
            },
            {
              "title": "Verifica se a altura do board é 50 quando um valor maior é colocado no input",
              "fullTitle": "11 - Limite o tamanho mínimo e máximo do board. Verifica se a altura do board é 50 quando um valor maior é colocado no input",
              "timedOut": null,
              "duration": 4634,
              "state": "failed",
              "speed": null,
              "pass": false,
              "fail": true,
              "pending": false,
              "context": null,
              "code": "cy.get('#board-size').clear().type(51);\ncy.get('#generate-board').click();\ncy.get('.pixel').should('have.length', 2500);",
              "err": {
                "message": "CypressError: Timed out retrying: Expected to find element: '#board-size', but never found it.",
                "estack": "CypressError: Timed out retrying: Expected to find element: '#board-size', but never found it.\n    at cypressErr (http://localhost:43229/__cypress/runner/cypress_runner.js:149934:9)\n    at throwErr (http://localhost:43229/__cypress/runner/cypress_runner.js:149867:11)\n    at Object.throwErrByPath (http://localhost:43229/__cypress/runner/cypress_runner.js:149915:3)\n    at retry (http://localhost:43229/__cypress/runner/cypress_runner.js:144197:19)\n    at onFailFn (http://localhost:43229/__cypress/runner/cypress_runner.js:132448:16)\n    at tryCatcher (http://localhost:43229/__cypress/runner/cypress_runner.js:167415:23)\n    at Promise._settlePromiseFromHandler (http://localhost:43229/__cypress/runner/cypress_runner.js:165351:31)\n    at Promise._settlePromise (http://localhost:43229/__cypress/runner/cypress_runner.js:165408:18)\n    at Promise._settlePromise0 (http://localhost:43229/__cypress/runner/cypress_runner.js:165453:10)\n    at Promise._settlePromises (http://localhost:43229/__cypress/runner/cypress_runner.js:165528:18)\n    at Async../node_modules/bluebird/js/release/async.js.Async._drainQueue (http://localhost:43229/__cypress/runner/cypress_runner.js:162140:16)\n    at Async../node_modules/bluebird/js/release/async.js.Async._drainQueues (http://localhost:43229/__cypress/runner/cypress_runner.js:162150:10)\n    at Async.drainQueues (http://localhost:43229/__cypress/runner/cypress_runner.js:162024:14)",
                "diff": null
              },
              "uuid": "4649ad63-4304-4109-8377-d54edc49adce",
              "parentUUID": "3390fea3-f4d5-4553-9922-b6281254484d",
              "isHook": false,
              "skipped": false
            }
          ],
          "suites": [],
          "passes": [],
          "failures": [
            "808ebaa0-268a-4a1b-a587-ea8ef07e58d7",
            "b79d9723-d71e-4049-ae22-031303331036",
            "4649ad63-4304-4109-8377-d54edc49adce"
          ],
          "pending": [],
          "skipped": [],
          "duration": 13818,
          "root": false,
          "rootEmpty": false,
          "_timeout": 2000
        },
        {
          "uuid": "0ff2f21f-14b0-4e59-b6a5-4ceaf2d165e3",
          "title": "12 - Faça com que as cores da paleta sejam geradas aleatoriamente ao carregar a página.",
          "fullFile": "",
          "file": "",
          "beforeHooks": [],
          "afterHooks": [],
          "tests": [
            {
              "title": "Verifica se as cores geradas na paleta são diferentes a cada carregamento da página",
              "fullTitle": "12 - Faça com que as cores da paleta sejam geradas aleatoriamente ao carregar a página. Verifica se as cores geradas na paleta são diferentes a cada carregamento da página",
              "timedOut": null,
              "duration": 668,
              "state": "failed",
              "speed": null,
              "pass": false,
              "fail": true,
              "pending": false,
              "context": null,
              "code": "cy.get('.color').then(function (colors) {\n  var currentColors;\n  var previousColors;\n  previousColors = Array.from(colors).map(function (color) {\n    return Cypress.$(color).css('background-color');\n  });\n  for (var i = 0; i < 5; i += 1) {\n    cy.reload();\n    cy.get('.color').then(function (colors) {\n      currentColors = Array.from(colors).map(function (color) {\n        return Cypress.$(color).css('background-color');\n      });\n      expect(currentColors).not.to.deep.equal(previousColors);\n      previousColors = currentColors;\n    });\n  }\n});",
              "err": {
                "message": "AssertionError: expected [ Array(4) ] to not deeply equal [ Array(4) ]",
                "estack": "AssertionError: expected [ Array(4) ] to not deeply equal [ Array(4) ]\n    at getRet (http://localhost:43229/__cypress/runner/cypress_runner.js:136585:16)\n    at tryCatcher (http://localhost:43229/__cypress/runner/cypress_runner.js:167415:23)\n    at Function.Promise.attempt.Promise.try (http://localhost:43229/__cypress/runner/cypress_runner.js:164690:29)\n    at Context.thenFn (http://localhost:43229/__cypress/runner/cypress_runner.js:136599:23)\n    at Context.then (http://localhost:43229/__cypress/runner/cypress_runner.js:136971:21)\n    at Context.<anonymous> (http://localhost:43229/__cypress/runner/cypress_runner.js:148875:21)\n    at http://localhost:43229/__cypress/runner/cypress_runner.js:148351:33\n    at tryCatcher (http://localhost:43229/__cypress/runner/cypress_runner.js:167415:23)\n    at Promise._settlePromiseFromHandler (http://localhost:43229/__cypress/runner/cypress_runner.js:165351:31)\n    at Promise._settlePromise (http://localhost:43229/__cypress/runner/cypress_runner.js:165408:18)\n    at Promise._settlePromiseCtx (http://localhost:43229/__cypress/runner/cypress_runner.js:165445:10)\n    at Async../node_modules/bluebird/js/release/async.js.Async._drainQueue (http://localhost:43229/__cypress/runner/cypress_runner.js:162145:12)\n    at Async../node_modules/bluebird/js/release/async.js.Async._drainQueues (http://localhost:43229/__cypress/runner/cypress_runner.js:162150:10)\n    at Async.drainQueues (http://localhost:43229/__cypress/runner/cypress_runner.js:162024:14)",
                "diff": ""
              },
              "uuid": "99180627-2a0f-4d09-8b31-440d9af0cd7b",
              "parentUUID": "0ff2f21f-14b0-4e59-b6a5-4ceaf2d165e3",
              "isHook": false,
              "skipped": false
            },
            {
              "title": "Verifica se a cor preta ainda está presente e é a primeira na sua paleta de cores",
              "fullTitle": "12 - Faça com que as cores da paleta sejam geradas aleatoriamente ao carregar a página. Verifica se a cor preta ainda está presente e é a primeira na sua paleta de cores",
              "timedOut": null,
              "duration": 624,
              "state": "failed",
              "speed": null,
              "pass": false,
              "fail": true,
              "pending": false,
              "context": null,
              "code": "cy.get('.color').then(function (colors) {\n  var currentColors;\n  var previousColors;\n  previousColors = Array.from(colors).map(function (color) {\n    return Cypress.$(color).css('background-color');\n  });\n  expect(previousColors[0]).to.eq(BLACK);\n  for (var i = 0; i < 5; i += 1) {\n    cy.reload();\n    cy.get('.color').then(function (colors) {\n      currentColors = Array.from(colors).map(function (color) {\n        return Cypress.$(color).css('background-color');\n      });\n      expect(currentColors[0]).to.eq(BLACK);\n      expect(currentColors).not.to.deep.equal(previousColors);\n      previousColors = currentColors;\n    });\n  }\n});",
              "err": {
                "message": "AssertionError: expected [ Array(4) ] to not deeply equal [ Array(4) ]",
                "estack": "AssertionError: expected [ Array(4) ] to not deeply equal [ Array(4) ]\n    at getRet (http://localhost:43229/__cypress/runner/cypress_runner.js:136585:16)\n    at tryCatcher (http://localhost:43229/__cypress/runner/cypress_runner.js:167415:23)\n    at Function.Promise.attempt.Promise.try (http://localhost:43229/__cypress/runner/cypress_runner.js:164690:29)\n    at Context.thenFn (http://localhost:43229/__cypress/runner/cypress_runner.js:136599:23)\n    at Context.then (http://localhost:43229/__cypress/runner/cypress_runner.js:136971:21)\n    at Context.<anonymous> (http://localhost:43229/__cypress/runner/cypress_runner.js:148875:21)\n    at http://localhost:43229/__cypress/runner/cypress_runner.js:148351:33\n    at tryCatcher (http://localhost:43229/__cypress/runner/cypress_runner.js:167415:23)\n    at Promise._settlePromiseFromHandler (http://localhost:43229/__cypress/runner/cypress_runner.js:165351:31)\n    at Promise._settlePromise (http://localhost:43229/__cypress/runner/cypress_runner.js:165408:18)\n    at Promise._settlePromiseCtx (http://localhost:43229/__cypress/runner/cypress_runner.js:165445:10)\n    at Async../node_modules/bluebird/js/release/async.js.Async._drainQueue (http://localhost:43229/__cypress/runner/cypress_runner.js:162145:12)\n    at Async../node_modules/bluebird/js/release/async.js.Async._drainQueues (http://localhost:43229/__cypress/runner/cypress_runner.js:162150:10)\n    at Async.drainQueues (http://localhost:43229/__cypress/runner/cypress_runner.js:162024:14)",
                "diff": ""
              },
              "uuid": "e9e16ce9-d08d-45c9-915f-f03b09d1530d",
              "parentUUID": "0ff2f21f-14b0-4e59-b6a5-4ceaf2d165e3",
              "isHook": false,
              "skipped": false
            }
          ],
          "suites": [],
          "passes": [],
          "failures": [
            "99180627-2a0f-4d09-8b31-440d9af0cd7b",
            "e9e16ce9-d08d-45c9-915f-f03b09d1530d"
          ],
          "pending": [],
          "skipped": [],
          "duration": 1292,
          "root": false,
          "rootEmpty": false,
          "_timeout": 2000
        }
      ],
      "passes": [],
      "failures": [],
      "pending": [],
      "skipped": [],
      "duration": 0,
      "root": true,
      "rootEmpty": true,
      "_timeout": 2000
    }
  ],
  "meta": {
    "mocha": {
      "version": "7.0.1"
    },
    "mochawesome": {
      "options": {
        "quiet": false,
        "reportFilename": "mochawesome",
        "saveHtml": false,
        "saveJson": true,
        "consoleReporter": "spec",
        "useInlineDiffs": false
      },
      "version": "4.1.0"
    },
    "marge": {
      "options": {
        "id": "default",
        "reportDir": "cypress/reports",
        "overwrite": true,
        "html": false,
        "json": true
      },
      "version": "4.1.0"
    }
  }
}